# JRE version: OpenJDK Runtime Environment Microsoft-8035246 (17.0.8+7) (build 17.0.8+7-LTS)
# Java VM: OpenJDK 64-Bit Server VM Microsoft-8035246 (17.0.8+7-LTS, mixed mode, sharing, tiered, compressed oops, compressed class ptrs, g1 gc, windows-amd64)
GC Precious Log:
 CPUs: 4 total, 4 available
 Memory: 7934M
 Large Page Support: Disabled
 NUMA Support: Disabled
 Compressed Oops: Enabled (32-bit)
 Heap Region Size: 1M
 Heap Min Capacity: 8M
 Heap Initial Capacity: 124M
 Heap Max Capacity: 2G
 Pre-touch: Disabled
 Parallel Workers: 4
 Concurrent Workers: 1
 Concurrent Refinement Workers: 4
 Periodic GC: Disabled
Heap:
 garbage-first heap   total 329728K, used 211371K [0x0000000080000000, 0x0000000100000000)
  region size 1024K, 24 young (24576K), 4 survivors (4096K)
 Metaspace       used 104201K, committed 105344K, reserved 557056K
  class space    used 14326K, committed 14848K, reserved 425984K
GC Heap History (20 events):
Event: 14.786 GC heap before
{Heap before GC invocations=42 (full 0):
 garbage-first heap   total 164864K, used 120572K [0x0000000080000000, 0x0000000100000000)
  region size 1024K, 37 young (37888K), 1 survivors (1024K)
 Metaspace       used 74665K, committed 75392K, reserved 491520K
  class space    used 10365K, committed 10688K, reserved 425984K
}
Event: 14.789 GC heap after
{Heap after GC invocations=43 (full 0):
 garbage-first heap   total 164864K, used 85126K [0x0000000080000000, 0x0000000100000000)
  region size 1024K, 2 young (2048K), 2 survivors (2048K)
 Metaspace       used 74665K, committed 75392K, reserved 491520K
  class space    used 10365K, committed 10688K, reserved 425984K
}
Event: 15.217 GC heap before
{Heap before GC invocations=44 (full 0):
 garbage-first heap   total 164864K, used 123014K [0x0000000080000000, 0x0000000100000000)
  region size 1024K, 40 young (40960K), 2 survivors (2048K)
 Metaspace       used 77583K, committed 78272K, reserved 557056K
  class space    used 10738K, committed 11072K, reserved 425984K
}
Event: 15.222 GC heap after
{Heap after GC invocations=45 (full 0):
 garbage-first heap   total 164864K, used 86824K [0x0000000080000000, 0x0000000100000000)
  region size 1024K, 4 young (4096K), 4 survivors (4096K)
 Metaspace       used 77583K, committed 78272K, reserved 557056K
  class space    used 10738K, committed 11072K, reserved 425984K
}
Event: 15.298 GC heap before
{Heap before GC invocations=45 (full 0):
 garbage-first heap   total 164864K, used 90920K [0x0000000080000000, 0x0000000100000000)
  region size 1024K, 8 young (8192K), 4 survivors (4096K)
 Metaspace       used 77903K, committed 78592K, reserved 557056K
  class space    used 10791K, committed 11136K, reserved 425984K
}
Event: 15.303 GC heap after
{Heap after GC invocations=46 (full 0):
 garbage-first heap   total 329728K, used 86902K [0x0000000080000000, 0x0000000100000000)
  region size 1024K, 1 young (1024K), 1 survivors (1024K)
 Metaspace       used 77903K, committed 78592K, reserved 557056K
  class space    used 10791K, committed 11136K, reserved 425984K
}
Event: 19.407 GC heap before
{Heap before GC invocations=46 (full 0):
 garbage-first heap   total 329728K, used 230262K [0x0000000080000000, 0x0000000100000000)
  region size 1024K, 140 young (143360K), 1 survivors (1024K)
 Metaspace       used 84917K, committed 85632K, reserved 557056K
  class space    used 11932K, committed 12288K, reserved 425984K
}
Event: 19.417 GC heap after
{Heap after GC invocations=47 (full 0):
 garbage-first heap   total 329728K, used 93627K [0x0000000080000000, 0x0000000100000000)
  region size 1024K, 8 young (8192K), 8 survivors (8192K)
 Metaspace       used 84917K, committed 85632K, reserved 557056K
  class space    used 11932K, committed 12288K, reserved 425984K
}
Event: 21.498 GC heap before
{Heap before GC invocations=47 (full 0):
 garbage-first heap   total 329728K, used 242107K [0x0000000080000000, 0x0000000100000000)
  region size 1024K, 152 young (155648K), 8 survivors (8192K)
 Metaspace       used 91485K, committed 92416K, reserved 557056K
  class space    used 12809K, committed 13248K, reserved 425984K
}
Event: 21.524 GC heap after
{Heap after GC invocations=48 (full 0):
 garbage-first heap   total 329728K, used 116049K [0x0000000080000000, 0x0000000100000000)
  region size 1024K, 19 young (19456K), 19 survivors (19456K)
 Metaspace       used 91485K, committed 92416K, reserved 557056K
  class space    used 12809K, committed 13248K, reserved 425984K
}
Event: 23.677 GC heap before
{Heap before GC invocations=48 (full 0):
 garbage-first heap   total 329728K, used 256337K [0x0000000080000000, 0x0000000100000000)
  region size 1024K, 147 young (150528K), 19 survivors (19456K)
 Metaspace       used 93018K, committed 94144K, reserved 557056K
  class space    used 12977K, committed 13504K, reserved 425984K
}
Event: 23.707 GC heap after
{Heap after GC invocations=49 (full 0):
 garbage-first heap   total 329728K, used 158240K [0x0000000080000000, 0x0000000100000000)
  region size 1024K, 19 young (19456K), 19 survivors (19456K)
 Metaspace       used 93018K, committed 94144K, reserved 557056K
  class space    used 12977K, committed 13504K, reserved 425984K
}
Event: 25.111 GC heap before
{Heap before GC invocations=49 (full 0):
 garbage-first heap   total 329728K, used 249376K [0x0000000080000000, 0x0000000100000000)
  region size 1024K, 108 young (110592K), 19 survivors (19456K)
 Metaspace       used 98483K, committed 99584K, reserved 557056K
  class space    used 13747K, committed 14208K, reserved 425984K
}
Event: 25.132 GC heap after
{Heap after GC invocations=50 (full 0):
 garbage-first heap   total 329728K, used 166831K [0x0000000080000000, 0x0000000100000000)
  region size 1024K, 9 young (9216K), 9 survivors (9216K)
 Metaspace       used 98483K, committed 99584K, reserved 557056K
  class space    used 13747K, committed 14208K, reserved 425984K
}
Event: 26.407 GC heap before
{Heap before GC invocations=50 (full 0):
 garbage-first heap   total 329728K, used 255919K [0x0000000080000000, 0x0000000100000000)
  region size 1024K, 96 young (98304K), 9 survivors (9216K)
 Metaspace       used 100365K, committed 101504K, reserved 557056K
  class space    used 13952K, committed 14464K, reserved 425984K
}
Event: 26.428 GC heap after
{Heap after GC invocations=51 (full 0):
 garbage-first heap   total 329728K, used 176559K [0x0000000080000000, 0x0000000100000000)
  region size 1024K, 11 young (11264K), 11 survivors (11264K)
 Metaspace       used 100365K, committed 101504K, reserved 557056K
  class space    used 13952K, committed 14464K, reserved 425984K
}
Event: 27.283 GC heap before
{Heap before GC invocations=51 (full 0):
 garbage-first heap   total 329728K, used 258479K [0x0000000080000000, 0x0000000100000000)
  region size 1024K, 92 young (94208K), 11 survivors (11264K)
 Metaspace       used 101630K, committed 102848K, reserved 557056K
  class space    used 14059K, committed 14592K, reserved 425984K
}
Event: 27.307 GC heap after
{Heap after GC invocations=52 (full 0):
 garbage-first heap   total 329728K, used 188258K [0x0000000080000000, 0x0000000100000000)
  region size 1024K, 11 young (11264K), 11 survivors (11264K)
 Metaspace       used 101630K, committed 102848K, reserved 557056K
  class space    used 14059K, committed 14592K, reserved 425984K
}
Event: 28.651 GC heap before
{Heap before GC invocations=52 (full 0):
 garbage-first heap   total 329728K, used 268130K [0x0000000080000000, 0x0000000100000000)
  region size 1024K, 85 young (87040K), 11 survivors (11264K)
 Metaspace       used 103961K, committed 105152K, reserved 557056K
  class space    used 14296K, committed 14848K, reserved 425984K
}
Event: 28.667 GC heap after
{Heap after GC invocations=53 (full 0):
 garbage-first heap   total 329728K, used 191915K [0x0000000080000000, 0x0000000100000000)
  region size 1024K, 4 young (4096K), 4 survivors (4096K)
 Metaspace       used 103961K, committed 105152K, reserved 557056K
  class space    used 14296K, committed 14848K, reserved 425984K
}

