# JRE version: OpenJDK Runtime Environment Microsoft-8035246 (17.0.8+7) (build 17.0.8+7-LTS)
# Java VM: OpenJDK 64-Bit Server VM Microsoft-8035246 (17.0.8+7-LTS, mixed mode, sharing, tiered, compressed oops, compressed class ptrs, g1 gc, windows-amd64)
GC Precious Log:
 CPUs: 4 total, 4 available
 Memory: 7934M
 Large Page Support: Disabled
 NUMA Support: Disabled
 Compressed Oops: Enabled (32-bit)
 Heap Region Size: 1M
 Heap Min Capacity: 8M
 Heap Initial Capacity: 124M
 Heap Max Capacity: 2G
 Pre-touch: Disabled
 Parallel Workers: 4
 Concurrent Workers: 1
 Concurrent Refinement Workers: 4
 Periodic GC: Disabled
Heap:
 garbage-first heap   total 328704K, used 228290K [0x0000000080000000, 0x0000000100000000)
  region size 1024K, 67 young (68608K), 12 survivors (12288K)
 Metaspace       used 103223K, committed 104384K, reserved 557056K
  class space    used 14265K, committed 14784K, reserved 425984K
GC Heap History (20 events):
Event: 18.306 GC heap before
{Heap before GC invocations=42 (full 0):
 garbage-first heap   total 259072K, used 190037K [0x0000000080000000, 0x0000000100000000)
  region size 1024K, 105 young (107520K), 10 survivors (10240K)
 Metaspace       used 89091K, committed 89984K, reserved 557056K
  class space    used 12542K, committed 12928K, reserved 425984K
}
Event: 18.321 GC heap after
{Heap after GC invocations=43 (full 0):
 garbage-first heap   total 259072K, used 102530K [0x0000000080000000, 0x0000000100000000)
  region size 1024K, 12 young (12288K), 12 survivors (12288K)
 Metaspace       used 89091K, committed 89984K, reserved 557056K
  class space    used 12542K, committed 12928K, reserved 425984K
}
Event: 20.235 GC heap before
{Heap before GC invocations=43 (full 0):
 garbage-first heap   total 259072K, used 202882K [0x0000000080000000, 0x0000000100000000)
  region size 1024K, 104 young (106496K), 12 survivors (12288K)
 Metaspace       used 92008K, committed 92928K, reserved 557056K
  class space    used 12862K, committed 13312K, reserved 425984K
}
Event: 20.256 GC heap after
{Heap after GC invocations=44 (full 0):
 garbage-first heap   total 259072K, used 130706K [0x0000000080000000, 0x0000000100000000)
  region size 1024K, 13 young (13312K), 13 survivors (13312K)
 Metaspace       used 92008K, committed 92928K, reserved 557056K
  class space    used 12862K, committed 13312K, reserved 425984K
}
Event: 20.576 GC heap before
{Heap before GC invocations=44 (full 0):
 garbage-first heap   total 259072K, used 145042K [0x0000000080000000, 0x0000000100000000)
  region size 1024K, 29 young (29696K), 13 survivors (13312K)
 Metaspace       used 92181K, committed 93248K, reserved 557056K
  class space    used 12877K, committed 13376K, reserved 425984K
}
Event: 20.587 GC heap after
{Heap after GC invocations=45 (full 0):
 garbage-first heap   total 259072K, used 135608K [0x0000000080000000, 0x0000000100000000)
  region size 1024K, 4 young (4096K), 4 survivors (4096K)
 Metaspace       used 92181K, committed 93248K, reserved 557056K
  class space    used 12877K, committed 13376K, reserved 425984K
}
Event: 21.491 GC heap before
{Heap before GC invocations=46 (full 0):
 garbage-first heap   total 259072K, used 200120K [0x0000000080000000, 0x0000000100000000)
  region size 1024K, 65 young (66560K), 4 survivors (4096K)
 Metaspace       used 93396K, committed 94400K, reserved 557056K
  class space    used 13027K, committed 13504K, reserved 425984K
}
Event: 21.504 GC heap after
{Heap after GC invocations=47 (full 0):
 garbage-first heap   total 259072K, used 150508K [0x0000000080000000, 0x0000000100000000)
  region size 1024K, 9 young (9216K), 9 survivors (9216K)
 Metaspace       used 93396K, committed 94400K, reserved 557056K
  class space    used 13027K, committed 13504K, reserved 425984K
}
Event: 21.584 GC heap before
{Heap before GC invocations=47 (full 0):
 garbage-first heap   total 259072K, used 153580K [0x0000000080000000, 0x0000000100000000)
  region size 1024K, 12 young (12288K), 9 survivors (9216K)
 Metaspace       used 93547K, committed 94592K, reserved 557056K
  class space    used 13050K, committed 13568K, reserved 425984K
}
Event: 21.593 GC heap after
{Heap after GC invocations=48 (full 0):
 garbage-first heap   total 259072K, used 151862K [0x0000000080000000, 0x0000000100000000)
  region size 1024K, 1 young (1024K), 1 survivors (1024K)
 Metaspace       used 93547K, committed 94592K, reserved 557056K
  class space    used 13050K, committed 13568K, reserved 425984K
}
Event: 22.394 GC heap before
{Heap before GC invocations=48 (full 0):
 garbage-first heap   total 259072K, used 204086K [0x0000000080000000, 0x0000000100000000)
  region size 1024K, 52 young (53248K), 1 survivors (1024K)
 Metaspace       used 97729K, committed 98752K, reserved 557056K
  class space    used 13662K, committed 14144K, reserved 425984K
}
Event: 22.411 GC heap after
{Heap after GC invocations=49 (full 0):
 garbage-first heap   total 259072K, used 154005K [0x0000000080000000, 0x0000000100000000)
  region size 1024K, 4 young (4096K), 4 survivors (4096K)
 Metaspace       used 97729K, committed 98752K, reserved 557056K
  class space    used 13662K, committed 14144K, reserved 425984K
}
Event: 23.428 GC heap before
{Heap before GC invocations=50 (full 0):
 garbage-first heap   total 273408K, used 206229K [0x0000000080000000, 0x0000000100000000)
  region size 1024K, 55 young (56320K), 4 survivors (4096K)
 Metaspace       used 99363K, committed 100416K, reserved 557056K
  class space    used 13868K, committed 14336K, reserved 425984K
}
Event: 23.439 GC heap after
{Heap after GC invocations=51 (full 0):
 garbage-first heap   total 273408K, used 160326K [0x0000000080000000, 0x0000000100000000)
  region size 1024K, 7 young (7168K), 7 survivors (7168K)
 Metaspace       used 99363K, committed 100416K, reserved 557056K
  class space    used 13868K, committed 14336K, reserved 425984K
}
Event: 23.498 GC heap before
{Heap before GC invocations=51 (full 0):
 garbage-first heap   total 273408K, used 166470K [0x0000000080000000, 0x0000000100000000)
  region size 1024K, 13 young (13312K), 7 survivors (7168K)
 Metaspace       used 99417K, committed 100416K, reserved 557056K
  class space    used 13870K, committed 14336K, reserved 425984K
}
Event: 23.506 GC heap after
{Heap after GC invocations=52 (full 0):
 garbage-first heap   total 273408K, used 160742K [0x0000000080000000, 0x0000000100000000)
  region size 1024K, 2 young (2048K), 2 survivors (2048K)
 Metaspace       used 99417K, committed 100416K, reserved 557056K
  class space    used 13870K, committed 14336K, reserved 425984K
}
Event: 24.061 GC heap before
{Heap before GC invocations=52 (full 0):
 garbage-first heap   total 273408K, used 220134K [0x0000000080000000, 0x0000000100000000)
  region size 1024K, 60 young (61440K), 2 survivors (2048K)
 Metaspace       used 99925K, committed 100928K, reserved 557056K
  class space    used 13912K, committed 14400K, reserved 425984K
}
Event: 24.069 GC heap after
{Heap after GC invocations=53 (full 0):
 garbage-first heap   total 328704K, used 165954K [0x0000000080000000, 0x0000000100000000)
  region size 1024K, 7 young (7168K), 7 survivors (7168K)
 Metaspace       used 99925K, committed 100928K, reserved 557056K
  class space    used 13912K, committed 14400K, reserved 425984K
}
Event: 25.152 GC heap before
{Heap before GC invocations=53 (full 0):
 garbage-first heap   total 328704K, used 260162K [0x0000000080000000, 0x0000000100000000)
  region size 1024K, 95 young (97280K), 7 survivors (7168K)
 Metaspace       used 103019K, committed 104128K, reserved 557056K
  class space    used 14231K, committed 14720K, reserved 425984K
}
Event: 25.164 GC heap after
{Heap after GC invocations=54 (full 0):
 garbage-first heap   total 328704K, used 172994K [0x0000000080000000, 0x0000000100000000)
  region size 1024K, 12 young (12288K), 12 survivors (12288K)
 Metaspace       used 103019K, committed 104128K, reserved 557056K
  class space    used 14231K, committed 14720K, reserved 425984K
}

