# JRE version: OpenJDK Runtime Environment Microsoft-8035246 (17.0.8+7) (build 17.0.8+7-LTS)
# Java VM: OpenJDK 64-Bit Server VM Microsoft-8035246 (17.0.8+7-LTS, mixed mode, sharing, tiered, compressed oops, compressed class ptrs, g1 gc, windows-amd64)
GC Precious Log:
 CPUs: 4 total, 4 available
 Memory: 7934M
 Large Page Support: Disabled
 NUMA Support: Disabled
 Compressed Oops: Enabled (32-bit)
 Heap Region Size: 1M
 Heap Min Capacity: 8M
 Heap Initial Capacity: 124M
 Heap Max Capacity: 2G
 Pre-touch: Disabled
 Parallel Workers: 4
 Concurrent Workers: 1
 Concurrent Refinement Workers: 4
 Periodic GC: Disabled
Heap:
 garbage-first heap   total 448512K, used 320238K [0x0000000080000000, 0x0000000100000000)
  region size 1024K, 155 young (158720K), 2 survivors (2048K)
 Metaspace       used 102595K, committed 103616K, reserved 557056K
  class space    used 14173K, committed 14656K, reserved 425984K
GC Heap History (20 events):
Event: 45.855 GC heap before
{Heap before GC invocations=47 (full 0):
 garbage-first heap   total 173056K, used 96816K [0x0000000080000000, 0x0000000100000000)
  region size 1024K, 8 young (8192K), 4 survivors (4096K)
 Metaspace       used 84025K, committed 84736K, reserved 557056K
  class space    used 11806K, committed 12160K, reserved 425984K
}
Event: 45.868 GC heap after
{Heap after GC invocations=48 (full 0):
 garbage-first heap   total 207872K, used 92961K [0x0000000080000000, 0x0000000100000000)
  region size 1024K, 1 young (1024K), 1 survivors (1024K)
 Metaspace       used 84025K, committed 84736K, reserved 557056K
  class space    used 11806K, committed 12160K, reserved 425984K
}
Event: 47.262 GC heap before
{Heap before GC invocations=48 (full 0):
 garbage-first heap   total 207872K, used 166689K [0x0000000080000000, 0x0000000100000000)
  region size 1024K, 73 young (74752K), 1 survivors (1024K)
 Metaspace       used 87814K, committed 88640K, reserved 557056K
  class space    used 12340K, committed 12736K, reserved 425984K
}
Event: 47.281 GC heap after
{Heap after GC invocations=49 (full 0):
 garbage-first heap   total 207872K, used 97598K [0x0000000080000000, 0x0000000100000000)
  region size 1024K, 6 young (6144K), 6 survivors (6144K)
 Metaspace       used 87814K, committed 88640K, reserved 557056K
  class space    used 12340K, committed 12736K, reserved 425984K
}
Event: 48.969 GC heap before
{Heap before GC invocations=49 (full 0):
 garbage-first heap   total 207872K, used 167230K [0x0000000080000000, 0x0000000100000000)
  region size 1024K, 74 young (75776K), 6 survivors (6144K)
 Metaspace       used 91047K, committed 91904K, reserved 557056K
  class space    used 12735K, committed 13120K, reserved 425984K
}
Event: 49.004 GC heap after
{Heap after GC invocations=50 (full 0):
 garbage-first heap   total 207872K, used 107421K [0x0000000080000000, 0x0000000100000000)
  region size 1024K, 10 young (10240K), 10 survivors (10240K)
 Metaspace       used 91047K, committed 91904K, reserved 557056K
  class space    used 12735K, committed 13120K, reserved 425984K
}
Event: 49.233 GC heap before
{Heap before GC invocations=50 (full 0):
 garbage-first heap   total 207872K, used 117661K [0x0000000080000000, 0x0000000100000000)
  region size 1024K, 21 young (21504K), 10 survivors (10240K)
 Metaspace       used 91124K, committed 92096K, reserved 557056K
  class space    used 12743K, committed 13184K, reserved 425984K
}
Event: 49.265 GC heap after
{Heap after GC invocations=51 (full 0):
 garbage-first heap   total 207872K, used 109860K [0x0000000080000000, 0x0000000100000000)
  region size 1024K, 2 young (2048K), 2 survivors (2048K)
 Metaspace       used 91124K, committed 92096K, reserved 557056K
  class space    used 12743K, committed 13184K, reserved 425984K
}
Event: 50.179 GC heap before
{Heap before GC invocations=52 (full 0):
 garbage-first heap   total 219136K, used 147748K [0x0000000080000000, 0x0000000100000000)
  region size 1024K, 35 young (35840K), 2 survivors (2048K)
 Metaspace       used 91581K, committed 92544K, reserved 557056K
  class space    used 12801K, committed 13248K, reserved 425984K
}
Event: 50.194 GC heap after
{Heap after GC invocations=53 (full 0):
 garbage-first heap   total 219136K, used 123805K [0x0000000080000000, 0x0000000100000000)
  region size 1024K, 8 young (8192K), 8 survivors (8192K)
 Metaspace       used 91581K, committed 92544K, reserved 557056K
  class space    used 12801K, committed 13248K, reserved 425984K
}
Event: 51.318 GC heap before
{Heap before GC invocations=54 (full 0):
 garbage-first heap   total 232448K, used 169885K [0x0000000080000000, 0x0000000100000000)
  region size 1024K, 51 young (52224K), 8 survivors (8192K)
 Metaspace       used 92020K, committed 92928K, reserved 557056K
  class space    used 12851K, committed 13248K, reserved 425984K
}
Event: 51.344 GC heap after
{Heap after GC invocations=55 (full 0):
 garbage-first heap   total 232448K, used 138571K [0x0000000080000000, 0x0000000100000000)
  region size 1024K, 7 young (7168K), 7 survivors (7168K)
 Metaspace       used 92020K, committed 92928K, reserved 557056K
  class space    used 12851K, committed 13248K, reserved 425984K
}
Event: 51.424 GC heap before
{Heap before GC invocations=55 (full 0):
 garbage-first heap   total 232448K, used 142667K [0x0000000080000000, 0x0000000100000000)
  region size 1024K, 11 young (11264K), 7 survivors (7168K)
 Metaspace       used 92045K, committed 92928K, reserved 557056K
  class space    used 12851K, committed 13248K, reserved 425984K
}
Event: 51.441 GC heap after
{Heap after GC invocations=56 (full 0):
 garbage-first heap   total 232448K, used 140285K [0x0000000080000000, 0x0000000100000000)
  region size 1024K, 2 young (2048K), 2 survivors (2048K)
 Metaspace       used 92045K, committed 92928K, reserved 557056K
  class space    used 12851K, committed 13248K, reserved 425984K
}
Event: 52.201 GC heap before
{Heap before GC invocations=56 (full 0):
 garbage-first heap   total 232448K, used 181245K [0x0000000080000000, 0x0000000100000000)
  region size 1024K, 42 young (43008K), 2 survivors (2048K)
 Metaspace       used 94845K, committed 95808K, reserved 557056K
  class space    used 13265K, committed 13696K, reserved 425984K
}
Event: 52.221 GC heap after
{Heap after GC invocations=57 (full 0):
 garbage-first heap   total 448512K, used 141880K [0x0000000080000000, 0x0000000100000000)
  region size 1024K, 3 young (3072K), 3 survivors (3072K)
 Metaspace       used 94845K, committed 95808K, reserved 557056K
  class space    used 13265K, committed 13696K, reserved 425984K
}
Event: 55.835 GC heap before
{Heap before GC invocations=58 (full 0):
 garbage-first heap   total 448512K, used 279096K [0x0000000080000000, 0x0000000100000000)
  region size 1024K, 137 young (140288K), 3 survivors (3072K)
 Metaspace       used 99238K, committed 100224K, reserved 557056K
  class space    used 13827K, committed 14272K, reserved 425984K
}
Event: 55.892 GC heap after
{Heap after GC invocations=59 (full 0):
 garbage-first heap   total 448512K, used 155208K [0x0000000080000000, 0x0000000100000000)
  region size 1024K, 16 young (16384K), 16 survivors (16384K)
 Metaspace       used 99238K, committed 100224K, reserved 557056K
  class space    used 13827K, committed 14272K, reserved 425984K
}
Event: 56.052 GC heap before
{Heap before GC invocations=59 (full 0):
 garbage-first heap   total 448512K, used 160328K [0x0000000080000000, 0x0000000100000000)
  region size 1024K, 21 young (21504K), 16 survivors (16384K)
 Metaspace       used 99319K, committed 100288K, reserved 557056K
  class space    used 13838K, committed 14272K, reserved 425984K
}
Event: 56.098 GC heap after
{Heap after GC invocations=60 (full 0):
 garbage-first heap   total 448512K, used 156398K [0x0000000080000000, 0x0000000100000000)
  region size 1024K, 2 young (2048K), 2 survivors (2048K)
 Metaspace       used 99319K, committed 100288K, reserved 557056K
  class space    used 13838K, committed 14272K, reserved 425984K
}

